<?xml version="1.0" encoding="UTF-8"?>
<testsuite xmlns:xsi="http://www.w3.org/2001/XMLSchema-instance" xsi:noNamespaceSchemaLocation="https://maven.apache.org/surefire/maven-surefire-plugin/xsd/surefire-test-report.xsd" name="org.example.AnuncianteBeanTest" time="0.027" tests="8" errors="0" skipped="0" failures="0">
  <properties>
    <property name="sun.desktop" value="gnome"/>
    <property name="awt.toolkit" value="sun.awt.X11.XToolkit"/>
    <property name="java.specification.version" value="11"/>
    <property name="sun.cpu.isalist" value=""/>
    <property name="sun.jnu.encoding" value="UTF-8"/>
    <property name="java.class.path" value="/home/andre/Documentos/Unicamp/INF-335/Trabalho 4/atividade_4/target/test-classes:/home/andre/Documentos/Unicamp/INF-335/Trabalho 4/atividade_4/target/classes:/home/andre/.m2/repository/org/junit/jupiter/junit-jupiter-api/5.9.3/junit-jupiter-api-5.9.3.jar:/home/andre/.m2/repository/org/opentest4j/opentest4j/1.2.0/opentest4j-1.2.0.jar:/home/andre/.m2/repository/org/junit/platform/junit-platform-commons/1.9.3/junit-platform-commons-1.9.3.jar:/home/andre/.m2/repository/org/apiguardian/apiguardian-api/1.1.2/apiguardian-api-1.1.2.jar:/home/andre/.m2/repository/org/junit/jupiter/junit-jupiter-engine/5.9.3/junit-jupiter-engine-5.9.3.jar:/home/andre/.m2/repository/org/junit/platform/junit-platform-engine/1.9.3/junit-platform-engine-1.9.3.jar:/home/andre/.m2/repository/org/junit/jupiter/junit-jupiter-params/5.9.3/junit-jupiter-params-5.9.3.jar:"/>
    <property name="java.vm.vendor" value="Amazon.com Inc."/>
    <property name="sun.arch.data.model" value="64"/>
    <property name="java.vendor.url" value="https://aws.amazon.com/corretto/"/>
    <property name="user.timezone" value=""/>
    <property name="java.vm.specification.version" value="11"/>
    <property name="os.name" value="Linux"/>
    <property name="sun.java.launcher" value="SUN_STANDARD"/>
    <property name="user.country" value="BR"/>
    <property name="sun.boot.library.path" value="/home/andre/.jdks/corretto-11.0.18/lib"/>
    <property name="sun.java.command" value="/home/andre/Documentos/Unicamp/INF-335/Trabalho 4/atividade_4/target/surefire/surefirebooter4115120413760967223.jar /home/andre/Documentos/Unicamp/INF-335/Trabalho 4/atividade_4/target/surefire 2024-07-05T22-58-32_889-jvmRun1 surefire17570778071484105993tmp surefire_06788337634217031051tmp"/>
    <property name="jdk.debug" value="release"/>
    <property name="surefire.test.class.path" value="/home/andre/Documentos/Unicamp/INF-335/Trabalho 4/atividade_4/target/test-classes:/home/andre/Documentos/Unicamp/INF-335/Trabalho 4/atividade_4/target/classes:/home/andre/.m2/repository/org/junit/jupiter/junit-jupiter-api/5.9.3/junit-jupiter-api-5.9.3.jar:/home/andre/.m2/repository/org/opentest4j/opentest4j/1.2.0/opentest4j-1.2.0.jar:/home/andre/.m2/repository/org/junit/platform/junit-platform-commons/1.9.3/junit-platform-commons-1.9.3.jar:/home/andre/.m2/repository/org/apiguardian/apiguardian-api/1.1.2/apiguardian-api-1.1.2.jar:/home/andre/.m2/repository/org/junit/jupiter/junit-jupiter-engine/5.9.3/junit-jupiter-engine-5.9.3.jar:/home/andre/.m2/repository/org/junit/platform/junit-platform-engine/1.9.3/junit-platform-engine-1.9.3.jar:/home/andre/.m2/repository/org/junit/jupiter/junit-jupiter-params/5.9.3/junit-jupiter-params-5.9.3.jar:"/>
    <property name="sun.cpu.endian" value="little"/>
    <property name="user.home" value="/home/andre"/>
    <property name="user.language" value="pt"/>
    <property name="java.specification.vendor" value="Oracle Corporation"/>
    <property name="java.version.date" value="2023-01-17"/>
    <property name="java.home" value="/home/andre/.jdks/corretto-11.0.18"/>
    <property name="file.separator" value="/"/>
    <property name="basedir" value="/home/andre/Documentos/Unicamp/INF-335/Trabalho 4/atividade_4"/>
    <property name="java.vm.compressedOopsMode" value="Zero based"/>
    <property name="line.separator" value="&#10;"/>
    <property name="java.specification.name" value="Java Platform API Specification"/>
    <property name="java.vm.specification.vendor" value="Oracle Corporation"/>
    <property name="java.awt.graphicsenv" value="sun.awt.X11GraphicsEnvironment"/>
    <property name="surefire.real.class.path" value="/home/andre/Documentos/Unicamp/INF-335/Trabalho 4/atividade_4/target/surefire/surefirebooter4115120413760967223.jar"/>
    <property name="sun.management.compiler" value="HotSpot 64-Bit Tiered Compilers"/>
    <property name="java.runtime.version" value="11.0.18+10-LTS"/>
    <property name="user.name" value="andre"/>
    <property name="path.separator" value=":"/>
    <property name="os.version" value="6.5.0-41-generic"/>
    <property name="java.runtime.name" value="OpenJDK Runtime Environment"/>
    <property name="file.encoding" value="UTF-8"/>
    <property name="java.vm.name" value="OpenJDK 64-Bit Server VM"/>
    <property name="java.vendor.version" value="Corretto-11.0.18.10.1"/>
    <property name="localRepository" value="/home/andre/.m2/repository"/>
    <property name="java.vendor.url.bug" value="https://github.com/corretto/corretto-11/issues/"/>
    <property name="java.io.tmpdir" value="/tmp"/>
    <property name="idea.version" value="2022.3.3"/>
    <property name="java.version" value="11.0.18"/>
    <property name="user.dir" value="/home/andre/Documentos/Unicamp/INF-335/Trabalho 4/atividade_4"/>
    <property name="os.arch" value="amd64"/>
    <property name="java.vm.specification.name" value="Java Virtual Machine Specification"/>
    <property name="java.awt.printerjob" value="sun.print.PSPrinterJob"/>
    <property name="sun.os.patch.level" value="unknown"/>
    <property name="java.library.path" value="/usr/java/packages/lib:/usr/lib64:/lib64:/lib:/usr/lib"/>
    <property name="java.vm.info" value="mixed mode"/>
    <property name="java.vendor" value="Amazon.com Inc."/>
    <property name="java.vm.version" value="11.0.18+10-LTS"/>
    <property name="sun.io.unicode.encoding" value="UnicodeLittle"/>
    <property name="java.class.version" value="55.0"/>
  </properties>
  <testcase name="testRemoveAnuncio" classname="org.example.AnuncianteBeanTest" time="0.016"/>
  <testcase name="testCPF" classname="org.example.AnuncianteBeanTest" time="0"/>
  <testcase name="testValorMedioAnuncio" classname="org.example.AnuncianteBeanTest" time="0"/>
  <testcase name="testNome" classname="org.example.AnuncianteBeanTest" time="0"/>
  <testcase name="testRemoveAnuncioIndiceInexistente" classname="org.example.AnuncianteBeanTest" time="0.001"/>
  <testcase name="testAnuncios" classname="org.example.AnuncianteBeanTest" time="0"/>
  <testcase name="testAddAnuncio" classname="org.example.AnuncianteBeanTest" time="0"/>
  <testcase name="testConstrutorSemParametros" classname="org.example.AnuncianteBeanTest" time="0"/>
</testsuite>